#
# There is insufficient memory for the Java Runtime Environment to continue.
# Native memory allocation (mmap) failed to map 87031808 bytes for committing reserved memory.
# Possible reasons:
#   The system is out of physical RAM or swap space
#   In 32 bit mode, the process size limit was hit
# Possible solutions:
#   Reduce memory load on the system
#   Increase physical memory or swap space
#   Check if swap backing store is full
#   Use 64 bit Java on a 64 bit OS
#   Decrease Java heap size (-Xmx/-Xms)
#   Decrease number of Java threads
#   Decrease Java thread stack sizes (-Xss)
#   Set larger code cache with -XX:ReservedCodeCacheSize=
# This output file may be truncated or incomplete.
#
#  Out of Memory Error (os_linux.cpp:2673), pid=9950, tid=139951331477248
#
# JRE version:  (8.0_45-b14) (build )
# Java VM: Java HotSpot(TM) 64-Bit Server VM (25.45-b02 mixed mode linux-amd64 compressed oops)
# Failed to write core dump. Core dumps have been disabled. To enable core dumping, try "ulimit -c unlimited" before starting Java again
#

---------------  T H R E A D  ---------------

Current thread (0x00007f48ec00a800):  JavaThread "Unknown thread" [_thread_in_vm, id=9955, stack(0x00007f48f5560000,0x00007f48f5661000)]

Stack: [0x00007f48f5560000,0x00007f48f5661000],  sp=0x00007f48f565f370,  free space=1020k
Native frames: (J=compiled Java code, j=interpreted, Vv=VM code, C=native code)
V  [libjvm.so+0xaac99a]  VMError::report_and_die()+0x2ba
V  [libjvm.so+0x4f333b]  report_vm_out_of_memory(char const*, int, unsigned long, VMErrorType, char const*)+0x8b
V  [libjvm.so+0x90e7c3]  os::Linux::commit_memory_impl(char*, unsigned long, bool)+0x103
V  [libjvm.so+0x90ed19]  os::pd_commit_memory(char*, unsigned long, unsigned long, bool)+0x29
V  [libjvm.so+0x90867a]  os::commit_memory(char*, unsigned long, unsigned long, bool)+0x2a
V  [libjvm.so+0x97bac3]  PSVirtualSpace::expand_by(unsigned long)+0x53
V  [libjvm.so+0x96bb77]  PSOldGen::initialize(ReservedSpace, unsigned long, char const*, int)+0xb7
V  [libjvm.so+0x2d4cda]  AdjoiningGenerations::AdjoiningGenerations(ReservedSpace, GenerationSizer*, unsigned long)+0x39a
V  [libjvm.so+0x931716]  ParallelScavengeHeap::initialize()+0x1d6
V  [libjvm.so+0xa75aab]  Universe::initialize_heap()+0xfb
V  [libjvm.so+0xa75e1e]  universe_init()+0x3e
V  [libjvm.so+0x62f635]  init_globals()+0x65
V  [libjvm.so+0xa5a02e]  Threads::create_vm(JavaVMInitArgs*, bool*)+0x23e
V  [libjvm.so+0x6c3244]  JNI_CreateJavaVM+0x74
C  [libjli.so+0x745e]  JavaMain+0x9e
C  [libpthread.so.0+0x8182]  start_thread+0xc2


---------------  P R O C E S S  ---------------

Java Threads: ( => current thread )

Other Threads:

=>0x00007f48ec00a800 (exited) JavaThread "Unknown thread" [_thread_in_vm, id=9955, stack(0x00007f48f5560000,0x00007f48f5661000)]

VM state:not at safepoint (not fully initialized)

VM Mutex/Monitor currently owned by a thread: None

GC Heap History (0 events):
No events

Deoptimization events (0 events):
No events

Internal exceptions (0 events):
No events

Events (0 events):
No events


Dynamic libraries:
00400000-00401000 r-xp 00000000 08:05 2368019                            /usr/lib/jvm/java-8-oracle/bin/java
00600000-00601000 rw-p 00000000 08:05 2368019                            /usr/lib/jvm/java-8-oracle/bin/java
022f8000-02319000 rw-p 00000000 00:00 0                                  [heap]
8a100000-d6f80000 ---p 00000000 00:00 0 
d6f80000-d9880000 rw-p 00000000 00:00 0 
d9880000-100000000 ---p 00000000 00:00 0 
7f48dd000000-7f48dd270000 rwxp 00000000 00:00 0 
7f48dd270000-7f48ec000000 ---p 00000000 00:00 0 
7f48ec000000-7f48ec032000 rw-p 00000000 00:00 0 
7f48ec032000-7f48f0000000 ---p 00000000 00:00 0 
7f48f1cd5000-7f48f1f59000 rw-p 00000000 00:00 0 
7f48f1f59000-7f48f21e9000 ---p 00000000 00:00 0 
7f48f21e9000-7f48f21ff000 rw-p 00000000 00:00 0 
7f48f21ff000-7f48f2332000 ---p 00000000 00:00 0 
7f48f2332000-7f48f233d000 rw-p 00000000 00:00 0 
7f48f233d000-7f48f26f3000 ---p 00000000 00:00 0 
7f48f26f3000-7f48f270d000 r-xp 00000000 08:05 2760618                    /usr/lib/jvm/java-8-oracle/jre/lib/amd64/libzip.so
7f48f270d000-7f48f290d000 ---p 0001a000 08:05 2760618                    /usr/lib/jvm/java-8-oracle/jre/lib/amd64/libzip.so
7f48f290d000-7f48f290e000 rw-p 0001a000 08:05 2760618                    /usr/lib/jvm/java-8-oracle/jre/lib/amd64/libzip.so
7f48f290e000-7f48f2919000 r-xp 00000000 08:05 3805251                    /lib/x86_64-linux-gnu/libnss_files-2.19.so
7f48f2919000-7f48f2b18000 ---p 0000b000 08:05 3805251                    /lib/x86_64-linux-gnu/libnss_files-2.19.so
7f48f2b18000-7f48f2b19000 r--p 0000a000 08:05 3805251                    /lib/x86_64-linux-gnu/libnss_files-2.19.so
7f48f2b19000-7f48f2b1a000 rw-p 0000b000 08:05 3805251                    /lib/x86_64-linux-gnu/libnss_files-2.19.so
7f48f2b1a000-7f48f2b25000 r-xp 00000000 08:05 3805261                    /lib/x86_64-linux-gnu/libnss_nis-2.19.so
7f48f2b25000-7f48f2d24000 ---p 0000b000 08:05 3805261                    /lib/x86_64-linux-gnu/libnss_nis-2.19.so
7f48f2d24000-7f48f2d25000 r--p 0000a000 08:05 3805261                    /lib/x86_64-linux-gnu/libnss_nis-2.19.so
7f48f2d25000-7f48f2d26000 rw-p 0000b000 08:05 3805261                    /lib/x86_64-linux-gnu/libnss_nis-2.19.so
7f48f2d26000-7f48f2d3d000 r-xp 00000000 08:05 3805245                    /lib/x86_64-linux-gnu/libnsl-2.19.so
7f48f2d3d000-7f48f2f3c000 ---p 00017000 08:05 3805245                    /lib/x86_64-linux-gnu/libnsl-2.19.so
7f48f2f3c000-7f48f2f3d000 r--p 00016000 08:05 3805245                    /lib/x86_64-linux-gnu/libnsl-2.19.so
7f48f2f3d000-7f48f2f3e000 rw-p 00017000 08:05 3805245                    /lib/x86_64-linux-gnu/libnsl-2.19.so
7f48f2f3e000-7f48f2f40000 rw-p 00000000 00:00 0 
7f48f2f40000-7f48f2f49000 r-xp 00000000 08:05 3805247                    /lib/x86_64-linux-gnu/libnss_compat-2.19.so
7f48f2f49000-7f48f3148000 ---p 00009000 08:05 3805247                    /lib/x86_64-linux-gnu/libnss_compat-2.19.so
7f48f3148000-7f48f3149000 r--p 00008000 08:05 3805247                    /lib/x86_64-linux-gnu/libnss_compat-2.19.so
7f48f3149000-7f48f314a000 rw-p 00009000 08:05 3805247                    /lib/x86_64-linux-gnu/libnss_compat-2.19.so
7f48f314a000-7f48f3174000 r-xp 00000000 08:05 2762115                    /usr/lib/jvm/java-8-oracle/jre/lib/amd64/libjava.so
7f48f3174000-7f48f3374000 ---p 0002a000 08:05 2762115                    /usr/lib/jvm/java-8-oracle/jre/lib/amd64/libjava.so
7f48f3374000-7f48f3376000 rw-p 0002a000 08:05 2762115                    /usr/lib/jvm/java-8-oracle/jre/lib/amd64/libjava.so
7f48f3376000-7f48f3383000 r-xp 00000000 08:05 2761474                    /usr/lib/jvm/java-8-oracle/jre/lib/amd64/libverify.so
7f48f3383000-7f48f3583000 ---p 0000d000 08:05 2761474                    /usr/lib/jvm/java-8-oracle/jre/lib/amd64/libverify.so
7f48f3583000-7f48f3585000 rw-p 0000d000 08:05 2761474                    /usr/lib/jvm/java-8-oracle/jre/lib/amd64/libverify.so
7f48f3585000-7f48f358c000 r-xp 00000000 08:05 3805304                    /lib/x86_64-linux-gnu/librt-2.19.so
7f48f358c000-7f48f378b000 ---p 00007000 08:05 3805304                    /lib/x86_64-linux-gnu/librt-2.19.so
7f48f378b000-7f48f378c000 r--p 00006000 08:05 3805304                    /lib/x86_64-linux-gnu/librt-2.19.so
7f48f378c000-7f48f378d000 rw-p 00007000 08:05 3805304                    /lib/x86_64-linux-gnu/librt-2.19.so
7f48f378d000-7f48f3892000 r-xp 00000000 08:05 3805226                    /lib/x86_64-linux-gnu/libm-2.19.so
7f48f3892000-7f48f3a91000 ---p 00105000 08:05 3805226                    /lib/x86_64-linux-gnu/libm-2.19.so
7f48f3a91000-7f48f3a92000 r--p 00104000 08:05 3805226                    /lib/x86_64-linux-gnu/libm-2.19.so
7f48f3a92000-7f48f3a93000 rw-p 00105000 08:05 3805226                    /lib/x86_64-linux-gnu/libm-2.19.so
7f48f3a93000-7f48f4741000 r-xp 00000000 08:05 2760108                    /usr/lib/jvm/java-8-oracle/jre/lib/amd64/server/libjvm.so
7f48f4741000-7f48f4940000 ---p 00cae000 08:05 2760108                    /usr/lib/jvm/java-8-oracle/jre/lib/amd64/server/libjvm.so
7f48f4940000-7f48f4a17000 rw-p 00cad000 08:05 2760108                    /usr/lib/jvm/java-8-oracle/jre/lib/amd64/server/libjvm.so
7f48f4a17000-7f48f4a5b000 rw-p 00000000 00:00 0 
7f48f4a5b000-7f48f4c16000 r-xp 00000000 08:05 3805176                    /lib/x86_64-linux-gnu/libc-2.19.so
7f48f4c16000-7f48f4e16000 ---p 001bb000 08:05 3805176                    /lib/x86_64-linux-gnu/libc-2.19.so
7f48f4e16000-7f48f4e1a000 r--p 001bb000 08:05 3805176                    /lib/x86_64-linux-gnu/libc-2.19.so
7f48f4e1a000-7f48f4e1c000 rw-p 001bf000 08:05 3805176                    /lib/x86_64-linux-gnu/libc-2.19.so
7f48f4e1c000-7f48f4e21000 rw-p 00000000 00:00 0 
7f48f4e21000-7f48f4e24000 r-xp 00000000 08:05 3805193                    /lib/x86_64-linux-gnu/libdl-2.19.so
7f48f4e24000-7f48f5023000 ---p 00003000 08:05 3805193                    /lib/x86_64-linux-gnu/libdl-2.19.so
7f48f5023000-7f48f5024000 r--p 00002000 08:05 3805193                    /lib/x86_64-linux-gnu/libdl-2.19.so
7f48f5024000-7f48f5025000 rw-p 00003000 08:05 3805193                    /lib/x86_64-linux-gnu/libdl-2.19.so
7f48f5025000-7f48f503a000 r-xp 00000000 08:05 2368669                    /usr/lib/jvm/java-8-oracle/lib/amd64/jli/libjli.so
7f48f503a000-7f48f523a000 ---p 00015000 08:05 2368669                    /usr/lib/jvm/java-8-oracle/lib/amd64/jli/libjli.so
7f48f523a000-7f48f523b000 rw-p 00015000 08:05 2368669                    /usr/lib/jvm/java-8-oracle/lib/amd64/jli/libjli.so
7f48f523b000-7f48f5254000 r-xp 00000000 08:05 3805296                    /lib/x86_64-linux-gnu/libpthread-2.19.so
7f48f5254000-7f48f5453000 ---p 00019000 08:05 3805296                    /lib/x86_64-linux-gnu/libpthread-2.19.so
7f48f5453000-7f48f5454000 r--p 00018000 08:05 3805296                    /lib/x86_64-linux-gnu/libpthread-2.19.so
7f48f5454000-7f48f5455000 rw-p 00019000 08:05 3805296                    /lib/x86_64-linux-gnu/libpthread-2.19.so
7f48f5455000-7f48f5459000 rw-p 00000000 00:00 0 
7f48f5459000-7f48f547c000 r-xp 00000000 08:05 3805152                    /lib/x86_64-linux-gnu/ld-2.19.so
7f48f5560000-7f48f5563000 ---p 00000000 00:00 0 
7f48f5563000-7f48f5665000 rw-p 00000000 00:00 0                          [stack:9955]
7f48f566c000-7f48f566f000 rw-p 00000000 00:00 0 
7f48f566f000-7f48f5677000 rw-s 00000000 08:05 5242944                    /tmp/hsperfdata_faruk/9950
7f48f5677000-7f48f5678000 rw-p 00000000 00:00 0 
7f48f5678000-7f48f5679000 r--p 00000000 00:00 0 
7f48f5679000-7f48f567b000 rw-p 00000000 00:00 0 
7f48f567b000-7f48f567c000 r--p 00022000 08:05 3805152                    /lib/x86_64-linux-gnu/ld-2.19.so
7f48f567c000-7f48f567d000 rw-p 00023000 08:05 3805152                    /lib/x86_64-linux-gnu/ld-2.19.so
7f48f567d000-7f48f567e000 rw-p 00000000 00:00 0 
7fff2fc6a000-7fff2fc8b000 rw-p 00000000 00:00 0                          [stack]
7fff2fd47000-7fff2fd49000 r-xp 00000000 00:00 0                          [vdso]
7fff2fd49000-7fff2fd4b000 r--p 00000000 00:00 0                          [vvar]
ffffffffff600000-ffffffffff601000 r-xp 00000000 00:00 0                  [vsyscall]

VM Arguments:
jvm_args: -Dfile.encoding=UTF-8 
java_command: com.tim10.glavna_knjiga.windows.KontniOkvirFrameView
java_class_path (initial): /home/faruk/workspace/SI2014Tim10/glavna-knjiga/target/classes:/home/faruk/.m2/repository/org/hibernate/hibernate-core/4.3.5.Final/hibernate-core-4.3.5.Final.jar:/home/faruk/.m2/repository/org/jboss/logging/jboss-logging/3.1.3.GA/jboss-logging-3.1.3.GA.jar:/home/faruk/.m2/repository/org/jboss/logging/jboss-logging-annotations/1.2.0.Beta1/jboss-logging-annotations-1.2.0.Beta1.jar:/home/faruk/.m2/repository/org/jboss/spec/javax/transaction/jboss-transaction-api_1.2_spec/1.0.0.Final/jboss-transaction-api_1.2_spec-1.0.0.Final.jar:/home/faruk/.m2/repository/dom4j/dom4j/1.6.1/dom4j-1.6.1.jar:/home/faruk/.m2/repository/xml-apis/xml-apis/1.0.b2/xml-apis-1.0.b2.jar:/home/faruk/.m2/repository/org/hibernate/common/hibernate-commons-annotations/4.0.4.Final/hibernate-commons-annotations-4.0.4.Final.jar:/home/faruk/.m2/repository/org/hibernate/javax/persistence/hibernate-jpa-2.1-api/1.0.0.Final/hibernate-jpa-2.1-api-1.0.0.Final.jar:/home/faruk/.m2/repository/org/javassist/javassist/3.18.1-GA/javassist-3.18.1-GA.jar:/home/faruk/.m2/repository/antlr/antlr/2.7.7/antlr-2.7.7.jar:/home/faruk/.m2/repository/org/jboss/jandex/1.1.0.Final/jandex-1.1.0.Final.jar:/home/faruk/.m2/repository/mysql/mysql-connector-java/5.1.6/mysql-connector-java-5.1.6.jar
Launcher Type: SUN_STANDARD

Environment Variables:
PATH=/usr/local/sbin:/usr/local/bin:/usr/sbin:/usr/bin:/sbin:/bin:/usr/games:/usr/local/games
SHELL=/bin/bash
DISPLAY=:0

Signal Handlers:
SIGSEGV: [libjvm.so+0xaad1e0], sa_mask[0]=11111111011111111101111111111110, sa_flags=SA_RESTART|SA_SIGINFO
SIGBUS: [libjvm.so+0xaad1e0], sa_mask[0]=11111111011111111101111111111110, sa_flags=SA_RESTART|SA_SIGINFO
SIGFPE: [libjvm.so+0x90b450], sa_mask[0]=11111111011111111101111111111110, sa_flags=SA_RESTART|SA_SIGINFO
SIGPIPE: [libjvm.so+0x90b450], sa_mask[0]=11111111011111111101111111111110, sa_flags=SA_RESTART|SA_SIGINFO
SIGXFSZ: [libjvm.so+0x90b450], sa_mask[0]=11111111011111111101111111111110, sa_flags=SA_RESTART|SA_SIGINFO
SIGILL: [libjvm.so+0x90b450], sa_mask[0]=11111111011111111101111111111110, sa_flags=SA_RESTART|SA_SIGINFO
SIGUSR1: SIG_DFL, sa_mask[0]=00000000000000000000000000000000, sa_flags=none
SIGUSR2: [libjvm.so+0x90ca90], sa_mask[0]=00100000000000000000000000000000, sa_flags=SA_RESTART|SA_SIGINFO
SIGHUP: SIG_DFL, sa_mask[0]=00000000000000000000000000000000, sa_flags=none
SIGINT: SIG_DFL, sa_mask[0]=00000000000000000000000000000000, sa_flags=none
SIGTERM: SIG_DFL, sa_mask[0]=00000000000000000000000000000000, sa_flags=none
SIGQUIT: SIG_DFL, sa_mask[0]=00000000000000000000000000000000, sa_flags=none


---------------  S Y S T E M  ---------------

OS:DISTRIB_ID=Ubuntu
DISTRIB_RELEASE=14.04
DISTRIB_CODENAME=trusty
DISTRIB_DESCRIPTION="Ubuntu 14.04.2 LTS"

uname:Linux 3.16.0-37-generic #51~14.04.1-Ubuntu SMP Wed May 6 15:23:14 UTC 2015 x86_64
libc:glibc 2.19 NPTL 2.19 
rlimit: STACK 8192k, CORE 0k, NPROC 31372, NOFILE 4096, AS infinity
load average:1.57 1.18 0.76

/proc/meminfo:
MemTotal:        8061176 kB
MemFree:          122320 kB
MemAvailable:      91312 kB
Buffers:            3508 kB
Cached:           565388 kB
SwapCached:            0 kB
Active:          7162608 kB
Inactive:         479028 kB
Active(anon):    7124088 kB
Inactive(anon):   444400 kB
Active(file):      38520 kB
Inactive(file):    34628 kB
Unevictable:          56 kB
Mlocked:              56 kB
SwapTotal:             0 kB
SwapFree:              0 kB
Dirty:               680 kB
Writeback:             0 kB
AnonPages:       7073284 kB
Mapped:           231300 kB
Shmem:            495528 kB
Slab:              85232 kB
SReclaimable:      33760 kB
SUnreclaim:        51472 kB
KernelStack:       25744 kB
PageTables:        75736 kB
NFS_Unstable:          0 kB
Bounce:                0 kB
WritebackTmp:          0 kB
CommitLimit:     4030588 kB
Committed_AS:   20416992 kB
VmallocTotal:   34359738367 kB
VmallocUsed:      567396 kB
VmallocChunk:   34359076392 kB
HardwareCorrupted:     0 kB
AnonHugePages:   3141632 kB
HugePages_Total:       0
HugePages_Free:        0
HugePages_Rsvd:        0
HugePages_Surp:        0
Hugepagesize:       2048 kB
DirectMap4k:      102140 kB
DirectMap2M:     8171520 kB


CPU:total 4 (2 cores per cpu, 2 threads per core) family 6 model 58 stepping 9, cmov, cx8, fxsr, mmx, sse, sse2, sse3, ssse3, sse4.1, sse4.2, popcnt, avx, aes, clmul, erms, ht, tsc, tscinvbit, tscinv

/proc/cpuinfo:
processor	: 0
vendor_id	: GenuineIntel
cpu family	: 6
model		: 58
model name	: Intel(R) Core(TM) i7-3537U CPU @ 2.00GHz
stepping	: 9
microcode	: 0x17
cpu MHz		: 1900.000
cache size	: 4096 KB
physical id	: 0
siblings	: 4
core id		: 0
cpu cores	: 2
apicid		: 0
initial apicid	: 0
fpu		: yes
fpu_exception	: yes
cpuid level	: 13
wp		: yes
flags		: fpu vme de pse tsc msr pae mce cx8 apic sep mtrr pge mca cmov pat pse36 clflush dts acpi mmx fxsr sse sse2 ss ht tm pbe syscall nx rdtscp lm constant_tsc arch_perfmon pebs bts rep_good nopl xtopology nonstop_tsc aperfmperf eagerfpu pni pclmulqdq dtes64 monitor ds_cpl vmx est tm2 ssse3 cx16 xtpr pdcm pcid sse4_1 sse4_2 x2apic popcnt tsc_deadline_timer aes xsave avx f16c rdrand lahf_lm ida arat epb xsaveopt pln pts dtherm tpr_shadow vnmi flexpriority ept vpid fsgsbase smep erms
bogomips	: 4988.46
clflush size	: 64
cache_alignment	: 64
address sizes	: 36 bits physical, 48 bits virtual
power management:

processor	: 1
vendor_id	: GenuineIntel
cpu family	: 6
model		: 58
model name	: Intel(R) Core(TM) i7-3537U CPU @ 2.00GHz
stepping	: 9
microcode	: 0x17
cpu MHz		: 1900.000
cache size	: 4096 KB
physical id	: 0
siblings	: 4
core id		: 0
cpu cores	: 2
apicid		: 1
initial apicid	: 1
fpu		: yes
fpu_exception	: yes
cpuid level	: 13
wp		: yes
flags		: fpu vme de pse tsc msr pae mce cx8 apic sep mtrr pge mca cmov pat pse36 clflush dts acpi mmx fxsr sse sse2 ss ht tm pbe syscall nx rdtscp lm constant_tsc arch_perfmon pebs bts rep_good nopl xtopology nonstop_tsc aperfmperf eagerfpu pni pclmulqdq dtes64 monitor ds_cpl vmx est tm2 ssse3 cx16 xtpr pdcm pcid sse4_1 sse4_2 x2apic popcnt tsc_deadline_timer aes xsave avx f16c rdrand lahf_lm ida arat epb xsaveopt pln pts dtherm tpr_shadow vnmi flexpriority ept vpid fsgsbase smep erms
bogomips	: 4988.46
clflush size	: 64
cache_alignment	: 64
address sizes	: 36 bits physical, 48 bits virtual
power management:

processor	: 2
vendor_id	: GenuineIntel
cpu family	: 6
model		: 58
model name	: Intel(R) Core(TM) i7-3537U CPU @ 2.00GHz
stepping	: 9
microcode	: 0x17
cpu MHz		: 1900.000
cache size	: 4096 KB
physical id	: 0
siblings	: 4
core id		: 1
cpu cores	: 2
apicid		: 2
initial apicid	: 2
fpu		: yes
fpu_exception	: yes
cpuid level	: 13
wp		: yes
flags		: fpu vme de pse tsc msr pae mce cx8 apic sep mtrr pge mca cmov pat pse36 clflush dts acpi mmx fxsr sse sse2 ss ht tm pbe syscall nx rdtscp lm constant_tsc arch_perfmon pebs bts rep_good nopl xtopology nonstop_tsc aperfmperf eagerfpu pni pclmulqdq dtes64 monitor ds_cpl vmx est tm2 ssse3 cx16 xtpr pdcm pcid sse4_1 sse4_2 x2apic popcnt tsc_deadline_timer aes xsave avx f16c rdrand lahf_lm ida arat epb xsaveopt pln pts dtherm tpr_shadow vnmi flexpriority ept vpid fsgsbase smep erms
bogomips	: 4988.46
clflush size	: 64
cache_alignment	: 64
address sizes	: 36 bits physical, 48 bits virtual
power management:

processor	: 3
vendor_id	: GenuineIntel
cpu family	: 6
model		: 58
model name	: Intel(R) Core(TM) i7-3537U CPU @ 2.00GHz
stepping	: 9
microcode	: 0x17
cpu MHz		: 1900.000
cache size	: 4096 KB
physical id	: 0
siblings	: 4
core id		: 1
cpu cores	: 2
apicid		: 3
initial apicid	: 3
fpu		: yes
fpu_exception	: yes
cpuid level	: 13
wp		: yes
flags		: fpu vme de pse tsc msr pae mce cx8 apic sep mtrr pge mca cmov pat pse36 clflush dts acpi mmx fxsr sse sse2 ss ht tm pbe syscall nx rdtscp lm constant_tsc arch_perfmon pebs bts rep_good nopl xtopology nonstop_tsc aperfmperf eagerfpu pni pclmulqdq dtes64 monitor ds_cpl vmx est tm2 ssse3 cx16 xtpr pdcm pcid sse4_1 sse4_2 x2apic popcnt tsc_deadline_timer aes xsave avx f16c rdrand lahf_lm ida arat epb xsaveopt pln pts dtherm tpr_shadow vnmi flexpriority ept vpid fsgsbase smep erms
bogomips	: 4988.46
clflush size	: 64
cache_alignment	: 64
address sizes	: 36 bits physical, 48 bits virtual
power management:



Memory: 4k page, physical 8061176k(124136k free), swap 0k(0k free)

vm_info: Java HotSpot(TM) 64-Bit Server VM (25.45-b02) for linux-amd64 JRE (1.8.0_45-b14), built on Apr 10 2015 10:07:45 by "java_re" with gcc 4.3.0 20080428 (Red Hat 4.3.0-8)

time: Fri May 22 11:58:01 2015
elapsed time: 0 seconds (0d 0h 0m 0s)

