#
# There is insufficient memory for the Java Runtime Environment to continue.
# Native memory allocation (mmap) failed to map 87031808 bytes for committing reserved memory.
# Possible reasons:
#   The system is out of physical RAM or swap space
#   In 32 bit mode, the process size limit was hit
# Possible solutions:
#   Reduce memory load on the system
#   Increase physical memory or swap space
#   Check if swap backing store is full
#   Use 64 bit Java on a 64 bit OS
#   Decrease Java heap size (-Xmx/-Xms)
#   Decrease number of Java threads
#   Decrease Java thread stack sizes (-Xss)
#   Set larger code cache with -XX:ReservedCodeCacheSize=
# This output file may be truncated or incomplete.
#
#  Out of Memory Error (os_linux.cpp:2673), pid=9920, tid=140247537821440
#
# JRE version:  (8.0_45-b14) (build )
# Java VM: Java HotSpot(TM) 64-Bit Server VM (25.45-b02 mixed mode linux-amd64 compressed oops)
# Failed to write core dump. Core dumps have been disabled. To enable core dumping, try "ulimit -c unlimited" before starting Java again
#

---------------  T H R E A D  ---------------

Current thread (0x00007f8de400a800):  JavaThread "Unknown thread" [_thread_in_vm, id=9927, stack(0x00007f8dec9c2000,0x00007f8decac3000)]

Stack: [0x00007f8dec9c2000,0x00007f8decac3000],  sp=0x00007f8decac1370,  free space=1020k
Native frames: (J=compiled Java code, j=interpreted, Vv=VM code, C=native code)
V  [libjvm.so+0xaac99a]  VMError::report_and_die()+0x2ba
V  [libjvm.so+0x4f333b]  report_vm_out_of_memory(char const*, int, unsigned long, VMErrorType, char const*)+0x8b
V  [libjvm.so+0x90e7c3]  os::Linux::commit_memory_impl(char*, unsigned long, bool)+0x103
V  [libjvm.so+0x90ed19]  os::pd_commit_memory(char*, unsigned long, unsigned long, bool)+0x29
V  [libjvm.so+0x90867a]  os::commit_memory(char*, unsigned long, unsigned long, bool)+0x2a
V  [libjvm.so+0x97bac3]  PSVirtualSpace::expand_by(unsigned long)+0x53
V  [libjvm.so+0x96bb77]  PSOldGen::initialize(ReservedSpace, unsigned long, char const*, int)+0xb7
V  [libjvm.so+0x2d4cda]  AdjoiningGenerations::AdjoiningGenerations(ReservedSpace, GenerationSizer*, unsigned long)+0x39a
V  [libjvm.so+0x931716]  ParallelScavengeHeap::initialize()+0x1d6
V  [libjvm.so+0xa75aab]  Universe::initialize_heap()+0xfb
V  [libjvm.so+0xa75e1e]  universe_init()+0x3e
V  [libjvm.so+0x62f635]  init_globals()+0x65
V  [libjvm.so+0xa5a02e]  Threads::create_vm(JavaVMInitArgs*, bool*)+0x23e
V  [libjvm.so+0x6c3244]  JNI_CreateJavaVM+0x74
C  [libjli.so+0x745e]  JavaMain+0x9e
C  [libpthread.so.0+0x8182]  start_thread+0xc2


---------------  P R O C E S S  ---------------

Java Threads: ( => current thread )

Other Threads:

=>0x00007f8de400a800 (exited) JavaThread "Unknown thread" [_thread_in_vm, id=9927, stack(0x00007f8dec9c2000,0x00007f8decac3000)]

VM state:not at safepoint (not fully initialized)

VM Mutex/Monitor currently owned by a thread: None

GC Heap History (0 events):
No events

Deoptimization events (0 events):
No events

Internal exceptions (0 events):
No events

Events (0 events):
No events


Dynamic libraries:
00400000-00401000 r-xp 00000000 08:05 2368019                            /usr/lib/jvm/java-8-oracle/bin/java
00600000-00601000 rw-p 00000000 08:05 2368019                            /usr/lib/jvm/java-8-oracle/bin/java
01390000-013b1000 rw-p 00000000 00:00 0                                  [heap]
8a100000-d6f80000 ---p 00000000 00:00 0 
d6f80000-d9880000 rw-p 00000000 00:00 0 
d9880000-100000000 ---p 00000000 00:00 0 
7f8dd5000000-7f8dd5270000 rwxp 00000000 00:00 0 
7f8dd5270000-7f8de4000000 ---p 00000000 00:00 0 
7f8de4000000-7f8de4032000 rw-p 00000000 00:00 0 
7f8de4032000-7f8de8000000 ---p 00000000 00:00 0 
7f8de9137000-7f8de93bb000 rw-p 00000000 00:00 0 
7f8de93bb000-7f8de964b000 ---p 00000000 00:00 0 
7f8de964b000-7f8de9661000 rw-p 00000000 00:00 0 
7f8de9661000-7f8de9794000 ---p 00000000 00:00 0 
7f8de9794000-7f8de979f000 rw-p 00000000 00:00 0 
7f8de979f000-7f8de9b55000 ---p 00000000 00:00 0 
7f8de9b55000-7f8de9b6f000 r-xp 00000000 08:05 2760618                    /usr/lib/jvm/java-8-oracle/jre/lib/amd64/libzip.so
7f8de9b6f000-7f8de9d6f000 ---p 0001a000 08:05 2760618                    /usr/lib/jvm/java-8-oracle/jre/lib/amd64/libzip.so
7f8de9d6f000-7f8de9d70000 rw-p 0001a000 08:05 2760618                    /usr/lib/jvm/java-8-oracle/jre/lib/amd64/libzip.so
7f8de9d70000-7f8de9d7b000 r-xp 00000000 08:05 3805251                    /lib/x86_64-linux-gnu/libnss_files-2.19.so
7f8de9d7b000-7f8de9f7a000 ---p 0000b000 08:05 3805251                    /lib/x86_64-linux-gnu/libnss_files-2.19.so
7f8de9f7a000-7f8de9f7b000 r--p 0000a000 08:05 3805251                    /lib/x86_64-linux-gnu/libnss_files-2.19.so
7f8de9f7b000-7f8de9f7c000 rw-p 0000b000 08:05 3805251                    /lib/x86_64-linux-gnu/libnss_files-2.19.so
7f8de9f7c000-7f8de9f87000 r-xp 00000000 08:05 3805261                    /lib/x86_64-linux-gnu/libnss_nis-2.19.so
7f8de9f87000-7f8dea186000 ---p 0000b000 08:05 3805261                    /lib/x86_64-linux-gnu/libnss_nis-2.19.so
7f8dea186000-7f8dea187000 r--p 0000a000 08:05 3805261                    /lib/x86_64-linux-gnu/libnss_nis-2.19.so
7f8dea187000-7f8dea188000 rw-p 0000b000 08:05 3805261                    /lib/x86_64-linux-gnu/libnss_nis-2.19.so
7f8dea188000-7f8dea19f000 r-xp 00000000 08:05 3805245                    /lib/x86_64-linux-gnu/libnsl-2.19.so
7f8dea19f000-7f8dea39e000 ---p 00017000 08:05 3805245                    /lib/x86_64-linux-gnu/libnsl-2.19.so
7f8dea39e000-7f8dea39f000 r--p 00016000 08:05 3805245                    /lib/x86_64-linux-gnu/libnsl-2.19.so
7f8dea39f000-7f8dea3a0000 rw-p 00017000 08:05 3805245                    /lib/x86_64-linux-gnu/libnsl-2.19.so
7f8dea3a0000-7f8dea3a2000 rw-p 00000000 00:00 0 
7f8dea3a2000-7f8dea3ab000 r-xp 00000000 08:05 3805247                    /lib/x86_64-linux-gnu/libnss_compat-2.19.so
7f8dea3ab000-7f8dea5aa000 ---p 00009000 08:05 3805247                    /lib/x86_64-linux-gnu/libnss_compat-2.19.so
7f8dea5aa000-7f8dea5ab000 r--p 00008000 08:05 3805247                    /lib/x86_64-linux-gnu/libnss_compat-2.19.so
7f8dea5ab000-7f8dea5ac000 rw-p 00009000 08:05 3805247                    /lib/x86_64-linux-gnu/libnss_compat-2.19.so
7f8dea5ac000-7f8dea5d6000 r-xp 00000000 08:05 2762115                    /usr/lib/jvm/java-8-oracle/jre/lib/amd64/libjava.so
7f8dea5d6000-7f8dea7d6000 ---p 0002a000 08:05 2762115                    /usr/lib/jvm/java-8-oracle/jre/lib/amd64/libjava.so
7f8dea7d6000-7f8dea7d8000 rw-p 0002a000 08:05 2762115                    /usr/lib/jvm/java-8-oracle/jre/lib/amd64/libjava.so
7f8dea7d8000-7f8dea7e5000 r-xp 00000000 08:05 2761474                    /usr/lib/jvm/java-8-oracle/jre/lib/amd64/libverify.so
7f8dea7e5000-7f8dea9e5000 ---p 0000d000 08:05 2761474                    /usr/lib/jvm/java-8-oracle/jre/lib/amd64/libverify.so
7f8dea9e5000-7f8dea9e7000 rw-p 0000d000 08:05 2761474                    /usr/lib/jvm/java-8-oracle/jre/lib/amd64/libverify.so
7f8dea9e7000-7f8dea9ee000 r-xp 00000000 08:05 3805304                    /lib/x86_64-linux-gnu/librt-2.19.so
7f8dea9ee000-7f8deabed000 ---p 00007000 08:05 3805304                    /lib/x86_64-linux-gnu/librt-2.19.so
7f8deabed000-7f8deabee000 r--p 00006000 08:05 3805304                    /lib/x86_64-linux-gnu/librt-2.19.so
7f8deabee000-7f8deabef000 rw-p 00007000 08:05 3805304                    /lib/x86_64-linux-gnu/librt-2.19.so
7f8deabef000-7f8deacf4000 r-xp 00000000 08:05 3805226                    /lib/x86_64-linux-gnu/libm-2.19.so
7f8deacf4000-7f8deaef3000 ---p 00105000 08:05 3805226                    /lib/x86_64-linux-gnu/libm-2.19.so
7f8deaef3000-7f8deaef4000 r--p 00104000 08:05 3805226                    /lib/x86_64-linux-gnu/libm-2.19.so
7f8deaef4000-7f8deaef5000 rw-p 00105000 08:05 3805226                    /lib/x86_64-linux-gnu/libm-2.19.so
7f8deaef5000-7f8debba3000 r-xp 00000000 08:05 2760108                    /usr/lib/jvm/java-8-oracle/jre/lib/amd64/server/libjvm.so
7f8debba3000-7f8debda2000 ---p 00cae000 08:05 2760108                    /usr/lib/jvm/java-8-oracle/jre/lib/amd64/server/libjvm.so
7f8debda2000-7f8debe79000 rw-p 00cad000 08:05 2760108                    /usr/lib/jvm/java-8-oracle/jre/lib/amd64/server/libjvm.so
7f8debe79000-7f8debebd000 rw-p 00000000 00:00 0 
7f8debebd000-7f8dec078000 r-xp 00000000 08:05 3805176                    /lib/x86_64-linux-gnu/libc-2.19.so
7f8dec078000-7f8dec278000 ---p 001bb000 08:05 3805176                    /lib/x86_64-linux-gnu/libc-2.19.so
7f8dec278000-7f8dec27c000 r--p 001bb000 08:05 3805176                    /lib/x86_64-linux-gnu/libc-2.19.so
7f8dec27c000-7f8dec27e000 rw-p 001bf000 08:05 3805176                    /lib/x86_64-linux-gnu/libc-2.19.so
7f8dec27e000-7f8dec283000 rw-p 00000000 00:00 0 
7f8dec283000-7f8dec286000 r-xp 00000000 08:05 3805193                    /lib/x86_64-linux-gnu/libdl-2.19.so
7f8dec286000-7f8dec485000 ---p 00003000 08:05 3805193                    /lib/x86_64-linux-gnu/libdl-2.19.so
7f8dec485000-7f8dec486000 r--p 00002000 08:05 3805193                    /lib/x86_64-linux-gnu/libdl-2.19.so
7f8dec486000-7f8dec487000 rw-p 00003000 08:05 3805193                    /lib/x86_64-linux-gnu/libdl-2.19.so
7f8dec487000-7f8dec49c000 r-xp 00000000 08:05 2368669                    /usr/lib/jvm/java-8-oracle/lib/amd64/jli/libjli.so
7f8dec49c000-7f8dec69c000 ---p 00015000 08:05 2368669                    /usr/lib/jvm/java-8-oracle/lib/amd64/jli/libjli.so
7f8dec69c000-7f8dec69d000 rw-p 00015000 08:05 2368669                    /usr/lib/jvm/java-8-oracle/lib/amd64/jli/libjli.so
7f8dec69d000-7f8dec6b6000 r-xp 00000000 08:05 3805296                    /lib/x86_64-linux-gnu/libpthread-2.19.so
7f8dec6b6000-7f8dec8b5000 ---p 00019000 08:05 3805296                    /lib/x86_64-linux-gnu/libpthread-2.19.so
7f8dec8b5000-7f8dec8b6000 r--p 00018000 08:05 3805296                    /lib/x86_64-linux-gnu/libpthread-2.19.so
7f8dec8b6000-7f8dec8b7000 rw-p 00019000 08:05 3805296                    /lib/x86_64-linux-gnu/libpthread-2.19.so
7f8dec8b7000-7f8dec8bb000 rw-p 00000000 00:00 0 
7f8dec8bb000-7f8dec8de000 r-xp 00000000 08:05 3805152                    /lib/x86_64-linux-gnu/ld-2.19.so
7f8dec9c2000-7f8dec9c5000 ---p 00000000 00:00 0 
7f8dec9c5000-7f8decac7000 rw-p 00000000 00:00 0                          [stack:9927]
7f8decace000-7f8decad1000 rw-p 00000000 00:00 0 
7f8decad1000-7f8decad9000 rw-s 00000000 08:05 5242945                    /tmp/hsperfdata_faruk/9920
7f8decad9000-7f8decada000 rw-p 00000000 00:00 0 
7f8decada000-7f8decadb000 r--p 00000000 00:00 0 
7f8decadb000-7f8decadd000 rw-p 00000000 00:00 0 
7f8decadd000-7f8decade000 r--p 00022000 08:05 3805152                    /lib/x86_64-linux-gnu/ld-2.19.so
7f8decade000-7f8decadf000 rw-p 00023000 08:05 3805152                    /lib/x86_64-linux-gnu/ld-2.19.so
7f8decadf000-7f8decae0000 rw-p 00000000 00:00 0 
7ffeb19a1000-7ffeb19c2000 rw-p 00000000 00:00 0                          [stack]
7ffeb19f4000-7ffeb19f6000 r-xp 00000000 00:00 0                          [vdso]
7ffeb19f6000-7ffeb19f8000 r--p 00000000 00:00 0                          [vvar]
ffffffffff600000-ffffffffff601000 r-xp 00000000 00:00 0                  [vsyscall]

VM Arguments:
jvm_args: -Dfile.encoding=UTF-8 
java_command: com.tim10.glavna_knjiga.windows.KontniOkvirFrameView
java_class_path (initial): /home/faruk/workspace/SI2014Tim10/glavna-knjiga/target/classes:/home/faruk/.m2/repository/org/hibernate/hibernate-core/4.3.5.Final/hibernate-core-4.3.5.Final.jar:/home/faruk/.m2/repository/org/jboss/logging/jboss-logging/3.1.3.GA/jboss-logging-3.1.3.GA.jar:/home/faruk/.m2/repository/org/jboss/logging/jboss-logging-annotations/1.2.0.Beta1/jboss-logging-annotations-1.2.0.Beta1.jar:/home/faruk/.m2/repository/org/jboss/spec/javax/transaction/jboss-transaction-api_1.2_spec/1.0.0.Final/jboss-transaction-api_1.2_spec-1.0.0.Final.jar:/home/faruk/.m2/repository/dom4j/dom4j/1.6.1/dom4j-1.6.1.jar:/home/faruk/.m2/repository/xml-apis/xml-apis/1.0.b2/xml-apis-1.0.b2.jar:/home/faruk/.m2/repository/org/hibernate/common/hibernate-commons-annotations/4.0.4.Final/hibernate-commons-annotations-4.0.4.Final.jar:/home/faruk/.m2/repository/org/hibernate/javax/persistence/hibernate-jpa-2.1-api/1.0.0.Final/hibernate-jpa-2.1-api-1.0.0.Final.jar:/home/faruk/.m2/repository/org/javassist/javassist/3.18.1-GA/javassist-3.18.1-GA.jar:/home/faruk/.m2/repository/antlr/antlr/2.7.7/antlr-2.7.7.jar:/home/faruk/.m2/repository/org/jboss/jandex/1.1.0.Final/jandex-1.1.0.Final.jar:/home/faruk/.m2/repository/mysql/mysql-connector-java/5.1.6/mysql-connector-java-5.1.6.jar
Launcher Type: SUN_STANDARD

Environment Variables:
PATH=/usr/local/sbin:/usr/local/bin:/usr/sbin:/usr/bin:/sbin:/bin:/usr/games:/usr/local/games
SHELL=/bin/bash
DISPLAY=:0

Signal Handlers:
SIGSEGV: [libjvm.so+0xaad1e0], sa_mask[0]=11111111011111111101111111111110, sa_flags=SA_RESTART|SA_SIGINFO
SIGBUS: [libjvm.so+0xaad1e0], sa_mask[0]=11111111011111111101111111111110, sa_flags=SA_RESTART|SA_SIGINFO
SIGFPE: [libjvm.so+0x90b450], sa_mask[0]=11111111011111111101111111111110, sa_flags=SA_RESTART|SA_SIGINFO
SIGPIPE: [libjvm.so+0x90b450], sa_mask[0]=11111111011111111101111111111110, sa_flags=SA_RESTART|SA_SIGINFO
SIGXFSZ: [libjvm.so+0x90b450], sa_mask[0]=11111111011111111101111111111110, sa_flags=SA_RESTART|SA_SIGINFO
SIGILL: [libjvm.so+0x90b450], sa_mask[0]=11111111011111111101111111111110, sa_flags=SA_RESTART|SA_SIGINFO
SIGUSR1: SIG_DFL, sa_mask[0]=00000000000000000000000000000000, sa_flags=none
SIGUSR2: [libjvm.so+0x90ca90], sa_mask[0]=00100000000000000000000000000000, sa_flags=SA_RESTART|SA_SIGINFO
SIGHUP: SIG_DFL, sa_mask[0]=00000000000000000000000000000000, sa_flags=none
SIGINT: SIG_DFL, sa_mask[0]=00000000000000000000000000000000, sa_flags=none
SIGTERM: SIG_DFL, sa_mask[0]=00000000000000000000000000000000, sa_flags=none
SIGQUIT: SIG_DFL, sa_mask[0]=00000000000000000000000000000000, sa_flags=none


---------------  S Y S T E M  ---------------

OS:DISTRIB_ID=Ubuntu
DISTRIB_RELEASE=14.04
DISTRIB_CODENAME=trusty
DISTRIB_DESCRIPTION="Ubuntu 14.04.2 LTS"

uname:Linux 3.16.0-37-generic #51~14.04.1-Ubuntu SMP Wed May 6 15:23:14 UTC 2015 x86_64
libc:glibc 2.19 NPTL 2.19 
rlimit: STACK 8192k, CORE 0k, NPROC 31372, NOFILE 4096, AS infinity
load average:1.46 1.12 0.73

/proc/meminfo:
MemTotal:        8061176 kB
MemFree:          128004 kB
MemAvailable:      92856 kB
Buffers:            1720 kB
Cached:           560452 kB
SwapCached:            0 kB
Active:          7156860 kB
Inactive:         477032 kB
Active(anon):    7123960 kB
Inactive(anon):   446140 kB
Active(file):      32900 kB
Inactive(file):    30892 kB
Unevictable:          56 kB
Mlocked:              56 kB
SwapTotal:             0 kB
SwapFree:              0 kB
Dirty:               540 kB
Writeback:             0 kB
AnonPages:       7073120 kB
Mapped:           226544 kB
Shmem:            497184 kB
Slab:              86408 kB
SReclaimable:      34840 kB
SUnreclaim:        51568 kB
KernelStack:       25824 kB
PageTables:        75860 kB
NFS_Unstable:          0 kB
Bounce:                0 kB
WritebackTmp:          0 kB
CommitLimit:     4030588 kB
Committed_AS:   20416588 kB
VmallocTotal:   34359738367 kB
VmallocUsed:      567396 kB
VmallocChunk:   34359076392 kB
HardwareCorrupted:     0 kB
AnonHugePages:   3141632 kB
HugePages_Total:       0
HugePages_Free:        0
HugePages_Rsvd:        0
HugePages_Surp:        0
Hugepagesize:       2048 kB
DirectMap4k:      102140 kB
DirectMap2M:     8171520 kB


CPU:total 4 (2 cores per cpu, 2 threads per core) family 6 model 58 stepping 9, cmov, cx8, fxsr, mmx, sse, sse2, sse3, ssse3, sse4.1, sse4.2, popcnt, avx, aes, clmul, erms, ht, tsc, tscinvbit, tscinv

/proc/cpuinfo:
processor	: 0
vendor_id	: GenuineIntel
cpu family	: 6
model		: 58
model name	: Intel(R) Core(TM) i7-3537U CPU @ 2.00GHz
stepping	: 9
microcode	: 0x17
cpu MHz		: 2992.089
cache size	: 4096 KB
physical id	: 0
siblings	: 4
core id		: 0
cpu cores	: 2
apicid		: 0
initial apicid	: 0
fpu		: yes
fpu_exception	: yes
cpuid level	: 13
wp		: yes
flags		: fpu vme de pse tsc msr pae mce cx8 apic sep mtrr pge mca cmov pat pse36 clflush dts acpi mmx fxsr sse sse2 ss ht tm pbe syscall nx rdtscp lm constant_tsc arch_perfmon pebs bts rep_good nopl xtopology nonstop_tsc aperfmperf eagerfpu pni pclmulqdq dtes64 monitor ds_cpl vmx est tm2 ssse3 cx16 xtpr pdcm pcid sse4_1 sse4_2 x2apic popcnt tsc_deadline_timer aes xsave avx f16c rdrand lahf_lm ida arat epb xsaveopt pln pts dtherm tpr_shadow vnmi flexpriority ept vpid fsgsbase smep erms
bogomips	: 4988.46
clflush size	: 64
cache_alignment	: 64
address sizes	: 36 bits physical, 48 bits virtual
power management:

processor	: 1
vendor_id	: GenuineIntel
cpu family	: 6
model		: 58
model name	: Intel(R) Core(TM) i7-3537U CPU @ 2.00GHz
stepping	: 9
microcode	: 0x17
cpu MHz		: 1528.613
cache size	: 4096 KB
physical id	: 0
siblings	: 4
core id		: 0
cpu cores	: 2
apicid		: 1
initial apicid	: 1
fpu		: yes
fpu_exception	: yes
cpuid level	: 13
wp		: yes
flags		: fpu vme de pse tsc msr pae mce cx8 apic sep mtrr pge mca cmov pat pse36 clflush dts acpi mmx fxsr sse sse2 ss ht tm pbe syscall nx rdtscp lm constant_tsc arch_perfmon pebs bts rep_good nopl xtopology nonstop_tsc aperfmperf eagerfpu pni pclmulqdq dtes64 monitor ds_cpl vmx est tm2 ssse3 cx16 xtpr pdcm pcid sse4_1 sse4_2 x2apic popcnt tsc_deadline_timer aes xsave avx f16c rdrand lahf_lm ida arat epb xsaveopt pln pts dtherm tpr_shadow vnmi flexpriority ept vpid fsgsbase smep erms
bogomips	: 4988.46
clflush size	: 64
cache_alignment	: 64
address sizes	: 36 bits physical, 48 bits virtual
power management:

processor	: 2
vendor_id	: GenuineIntel
cpu family	: 6
model		: 58
model name	: Intel(R) Core(TM) i7-3537U CPU @ 2.00GHz
stepping	: 9
microcode	: 0x17
cpu MHz		: 2066.406
cache size	: 4096 KB
physical id	: 0
siblings	: 4
core id		: 1
cpu cores	: 2
apicid		: 2
initial apicid	: 2
fpu		: yes
fpu_exception	: yes
cpuid level	: 13
wp		: yes
flags		: fpu vme de pse tsc msr pae mce cx8 apic sep mtrr pge mca cmov pat pse36 clflush dts acpi mmx fxsr sse sse2 ss ht tm pbe syscall nx rdtscp lm constant_tsc arch_perfmon pebs bts rep_good nopl xtopology nonstop_tsc aperfmperf eagerfpu pni pclmulqdq dtes64 monitor ds_cpl vmx est tm2 ssse3 cx16 xtpr pdcm pcid sse4_1 sse4_2 x2apic popcnt tsc_deadline_timer aes xsave avx f16c rdrand lahf_lm ida arat epb xsaveopt pln pts dtherm tpr_shadow vnmi flexpriority ept vpid fsgsbase smep erms
bogomips	: 4988.46
clflush size	: 64
cache_alignment	: 64
address sizes	: 36 bits physical, 48 bits virtual
power management:

processor	: 3
vendor_id	: GenuineIntel
cpu family	: 6
model		: 58
model name	: Intel(R) Core(TM) i7-3537U CPU @ 2.00GHz
stepping	: 9
microcode	: 0x17
cpu MHz		: 2899.804
cache size	: 4096 KB
physical id	: 0
siblings	: 4
core id		: 1
cpu cores	: 2
apicid		: 3
initial apicid	: 3
fpu		: yes
fpu_exception	: yes
cpuid level	: 13
wp		: yes
flags		: fpu vme de pse tsc msr pae mce cx8 apic sep mtrr pge mca cmov pat pse36 clflush dts acpi mmx fxsr sse sse2 ss ht tm pbe syscall nx rdtscp lm constant_tsc arch_perfmon pebs bts rep_good nopl xtopology nonstop_tsc aperfmperf eagerfpu pni pclmulqdq dtes64 monitor ds_cpl vmx est tm2 ssse3 cx16 xtpr pdcm pcid sse4_1 sse4_2 x2apic popcnt tsc_deadline_timer aes xsave avx f16c rdrand lahf_lm ida arat epb xsaveopt pln pts dtherm tpr_shadow vnmi flexpriority ept vpid fsgsbase smep erms
bogomips	: 4988.46
clflush size	: 64
cache_alignment	: 64
address sizes	: 36 bits physical, 48 bits virtual
power management:



Memory: 4k page, physical 8061176k(128004k free), swap 0k(0k free)

vm_info: Java HotSpot(TM) 64-Bit Server VM (25.45-b02) for linux-amd64 JRE (1.8.0_45-b14), built on Apr 10 2015 10:07:45 by "java_re" with gcc 4.3.0 20080428 (Red Hat 4.3.0-8)

time: Fri May 22 11:57:35 2015
elapsed time: 1 seconds (0d 0h 0m 1s)

